[2026-01-29 21:58:42] [INFO] Starting INIT phase (prompt: 9037 bytes)
[2026-01-29 22:00:52] [INFO] INIT phase completed successfully
[2026-01-29 22:01:01] [INFO] === Bjarne session started ===
[2026-01-29 22:01:01] [INFO] Max iterations: 25, Safe mode: false, Batch mode: false (size: 5)
[2026-01-29 22:01:01] [INFO] Working directory: /Users/farleyknight/MachineLearning/legal-outcome-prediction
[2026-01-29 22:01:01] [INFO] Starting PLAN phase (prompt: 6212 bytes)
[2026-01-29 22:01:39] [INFO] PLAN phase completed successfully
[2026-01-29 22:01:39] [INFO] Starting EXECUTE phase (prompt: 5753 bytes)
[2026-01-29 22:03:42] [INFO] EXECUTE phase completed successfully
[2026-01-29 22:03:42] [INFO] Starting REVIEW phase (prompt: 8439 bytes)
[2026-01-29 22:04:48] [INFO] REVIEW phase completed successfully
[2026-01-29 22:04:48] [INFO] Starting FIX phase (prompt: 8490 bytes)
[2026-01-29 22:05:06] [INFO] FIX phase completed successfully
[2026-01-29 22:05:08] [INFO] Starting PLAN phase (prompt: 6212 bytes)
[2026-01-29 22:05:42] [INFO] PLAN phase completed successfully
[2026-01-29 22:05:42] [INFO] Starting EXECUTE phase (prompt: 5753 bytes)
[2026-01-29 22:06:47] [INFO] EXECUTE phase completed successfully
[2026-01-29 22:06:47] [INFO] Starting REVIEW phase (prompt: 8439 bytes)
[2026-01-29 22:07:33] [INFO] REVIEW phase completed successfully
[2026-01-29 22:07:33] [INFO] Starting FIX phase (prompt: 8490 bytes)
[2026-01-29 22:07:57] [INFO] FIX phase completed successfully
[2026-01-29 22:07:59] [INFO] Starting PLAN phase (prompt: 6212 bytes)
[2026-01-29 22:08:43] [INFO] PLAN phase completed successfully
[2026-01-29 22:08:43] [INFO] Starting EXECUTE phase (prompt: 5753 bytes)
[2026-01-29 22:09:30] [INFO] EXECUTE phase completed successfully
[2026-01-29 22:09:30] [INFO] Starting REVIEW phase (prompt: 8439 bytes)
[2026-01-29 22:10:30] [INFO] REVIEW phase completed successfully
[2026-01-29 22:10:30] [INFO] Starting FIX phase (prompt: 8490 bytes)
[2026-01-29 22:10:47] [INFO] FIX phase completed successfully
[2026-01-29 22:10:50] [INFO] Starting PLAN phase (prompt: 6212 bytes)
[2026-01-29 22:11:24] [INFO] PLAN phase completed successfully
[2026-01-29 22:11:24] [INFO] Starting EXECUTE phase (prompt: 5753 bytes)
[2026-01-29 22:12:45] [INFO] EXECUTE phase completed successfully
[2026-01-29 22:12:45] [INFO] Starting REVIEW phase (prompt: 8439 bytes)
[2026-01-29 22:15:18] [INFO] REVIEW phase completed successfully
[2026-01-29 22:15:18] [INFO] Starting FIX phase (prompt: 8490 bytes)
[2026-01-29 22:25:21] [INFO] FIX phase completed successfully
[2026-01-29 22:25:23] [INFO] Starting PLAN phase (prompt: 6212 bytes)
[2026-01-30 07:48:45] [INFO] PLAN phase completed successfully
[2026-01-30 07:48:45] [INFO] Starting EXECUTE phase (prompt: 5753 bytes)
[2026-01-30 07:48:49] [INFO] EXECUTE phase completed successfully
[2026-01-30 07:48:49] [INFO] Starting REVIEW phase (prompt: 8439 bytes)
[2026-01-30 07:48:51] [INFO] REVIEW phase completed successfully
[2026-01-30 07:48:51] [INFO] Starting FIX phase (prompt: 8490 bytes)
[2026-01-30 07:48:52] [ERROR] Failure logged to /Users/farleyknight/MachineLearning/legal-outcome-prediction/.bjarne/logs/failure_2026_01_30_07_48_52.log
[2026-01-30 07:48:52] [ERROR] Failure logged to /Users/farleyknight/MachineLearning/legal-outcome-prediction/.bjarne/logs/failure_2026_01_30_07_48_52.log
[2026-01-30 07:48:53] [ERROR] Failure logged to /Users/farleyknight/MachineLearning/legal-outcome-prediction/.bjarne/logs/failure_2026_01_30_07_48_53.log
[2026-01-30 07:48:53] [ERROR] Failure logged to /Users/farleyknight/MachineLearning/legal-outcome-prediction/.bjarne/logs/failure_2026_01_30_07_48_53.log
[2026-01-30 07:48:53] [ERROR] Failure logged to /Users/farleyknight/MachineLearning/legal-outcome-prediction/.bjarne/logs/failure_2026_01_30_07_48_53.log
[2026-01-30 07:48:53] [ERROR] FIX phase failed after 5 attempts
[2026-01-30 07:48:56] [INFO] === Bjarne session started ===
[2026-01-30 07:48:56] [INFO] Max iterations: 25, Safe mode: false, Batch mode: false (size: 5)
[2026-01-30 07:48:56] [INFO] Working directory: /Users/farleyknight/MachineLearning/legal-outcome-prediction
[2026-01-30 07:48:56] [INFO] Starting PLAN phase (prompt: 6220 bytes)
[2026-01-30 07:49:50] [INFO] PLAN phase completed successfully
[2026-01-30 07:49:50] [INFO] Starting EXECUTE phase (prompt: 5761 bytes)
[2026-01-30 07:51:12] [INFO] EXECUTE phase completed successfully
[2026-01-30 07:51:12] [INFO] Starting REVIEW phase (prompt: 8447 bytes)
[2026-01-30 07:52:11] [INFO] REVIEW phase completed successfully
[2026-01-30 07:52:11] [INFO] Starting FIX phase (prompt: 8498 bytes)
[2026-01-30 07:52:26] [INFO] FIX phase completed successfully
[2026-01-30 07:52:28] [INFO] Starting PLAN phase (prompt: 6220 bytes)
[2026-01-30 07:53:34] [INFO] PLAN phase completed successfully
[2026-01-30 07:53:34] [INFO] Starting EXECUTE phase (prompt: 5761 bytes)
[2026-01-30 07:54:49] [INFO] EXECUTE phase completed successfully
[2026-01-30 07:54:49] [INFO] Starting REVIEW phase (prompt: 8447 bytes)
[2026-01-30 07:55:28] [INFO] REVIEW phase completed successfully
[2026-01-30 07:55:28] [INFO] Starting FIX phase (prompt: 8498 bytes)
[2026-01-30 07:55:44] [INFO] FIX phase completed successfully
[2026-01-30 07:55:46] [INFO] Starting PLAN phase (prompt: 6220 bytes)
[2026-01-30 07:56:33] [INFO] PLAN phase completed successfully
[2026-01-30 07:56:33] [INFO] Starting EXECUTE phase (prompt: 5761 bytes)
[2026-01-30 07:57:50] [INFO] EXECUTE phase completed successfully
[2026-01-30 07:57:50] [INFO] Starting REVIEW phase (prompt: 8447 bytes)
[2026-01-30 07:58:35] [INFO] REVIEW phase completed successfully
[2026-01-30 07:58:35] [INFO] Starting FIX phase (prompt: 8498 bytes)
[2026-01-30 07:58:52] [INFO] FIX phase completed successfully
[2026-01-30 07:58:54] [INFO] Starting PLAN phase (prompt: 6220 bytes)
[2026-01-30 07:59:33] [INFO] PLAN phase completed successfully
[2026-01-30 07:59:33] [INFO] Starting EXECUTE phase (prompt: 5761 bytes)
[2026-01-30 08:00:56] [INFO] EXECUTE phase completed successfully
[2026-01-30 08:00:56] [INFO] Starting REVIEW phase (prompt: 8447 bytes)
[2026-01-30 08:01:48] [INFO] REVIEW phase completed successfully
[2026-01-30 08:01:48] [INFO] Starting FIX phase (prompt: 8498 bytes)
[2026-01-30 08:02:06] [INFO] FIX phase completed successfully
[2026-01-30 08:02:08] [INFO] Starting PLAN phase (prompt: 6220 bytes)
[2026-01-30 08:02:37] [INFO] PLAN phase completed successfully
[2026-01-30 08:02:37] [INFO] Starting EXECUTE phase (prompt: 5761 bytes)
[2026-01-30 08:04:45] [INFO] EXECUTE phase completed successfully
[2026-01-30 08:04:45] [INFO] Starting REVIEW phase (prompt: 8447 bytes)
[2026-01-30 08:05:40] [INFO] REVIEW phase completed successfully
[2026-01-30 08:05:40] [INFO] Starting FIX phase (prompt: 8498 bytes)
[2026-01-30 08:05:55] [INFO] FIX phase completed successfully
[2026-01-30 08:05:57] [INFO] Starting PLAN phase (prompt: 6220 bytes)
[2026-01-30 08:06:36] [INFO] PLAN phase completed successfully
[2026-01-30 08:06:36] [INFO] Starting EXECUTE phase (prompt: 5761 bytes)
[2026-01-30 08:08:12] [INFO] EXECUTE phase completed successfully
[2026-01-30 08:08:12] [INFO] Starting REVIEW phase (prompt: 8447 bytes)
[2026-01-30 08:08:54] [INFO] REVIEW phase completed successfully
[2026-01-30 08:08:54] [INFO] Starting FIX phase (prompt: 8498 bytes)
[2026-01-30 08:09:14] [INFO] FIX phase completed successfully
[2026-01-30 08:09:16] [INFO] Starting PLAN phase (prompt: 6220 bytes)
[2026-01-30 08:09:48] [INFO] PLAN phase completed successfully
[2026-01-30 08:09:48] [INFO] Starting EXECUTE phase (prompt: 5761 bytes)
[2026-01-30 08:11:11] [INFO] EXECUTE phase completed successfully
[2026-01-30 08:11:11] [INFO] Starting REVIEW phase (prompt: 8447 bytes)
[2026-01-30 08:12:03] [INFO] REVIEW phase completed successfully
[2026-01-30 08:12:03] [INFO] Starting FIX phase (prompt: 8498 bytes)
[2026-01-30 08:12:18] [INFO] FIX phase completed successfully
[2026-01-30 08:12:20] [INFO] Starting PLAN phase (prompt: 6220 bytes)
[2026-01-30 08:12:50] [INFO] PLAN phase completed successfully
[2026-01-30 08:12:50] [INFO] Starting EXECUTE phase (prompt: 5761 bytes)
[2026-01-30 08:13:42] [INFO] EXECUTE phase completed successfully
[2026-01-30 08:13:42] [INFO] Starting REVIEW phase (prompt: 8447 bytes)
[2026-01-30 08:14:31] [INFO] REVIEW phase completed successfully
[2026-01-30 08:14:31] [INFO] Starting FIX phase (prompt: 8498 bytes)
[2026-01-30 08:14:48] [INFO] FIX phase completed successfully
[2026-01-30 08:14:50] [INFO] Starting PLAN phase (prompt: 6220 bytes)
[2026-01-30 08:15:25] [INFO] PLAN phase completed successfully
[2026-01-30 08:15:25] [INFO] Starting EXECUTE phase (prompt: 5761 bytes)
[2026-01-30 08:17:44] [INFO] EXECUTE phase completed successfully
[2026-01-30 08:17:44] [INFO] Starting REVIEW phase (prompt: 8447 bytes)
[2026-01-30 08:19:07] [INFO] REVIEW phase completed successfully
[2026-01-30 08:19:07] [INFO] Starting FIX phase (prompt: 8498 bytes)
[2026-01-30 08:19:25] [INFO] FIX phase completed successfully
[2026-01-30 08:19:27] [INFO] Starting PLAN phase (prompt: 6220 bytes)
[2026-01-30 08:20:03] [INFO] PLAN phase completed successfully
[2026-01-30 08:20:03] [INFO] Starting EXECUTE phase (prompt: 5761 bytes)
[2026-01-30 08:22:24] [INFO] EXECUTE phase completed successfully
[2026-01-30 08:22:24] [INFO] Starting REVIEW phase (prompt: 8447 bytes)
[2026-01-30 08:23:11] [INFO] REVIEW phase completed successfully
[2026-01-30 08:23:11] [INFO] Starting FIX phase (prompt: 8498 bytes)
[2026-01-30 08:23:29] [INFO] FIX phase completed successfully
[2026-01-30 08:23:31] [INFO] Starting PLAN phase (prompt: 6220 bytes)
[2026-01-30 08:24:11] [INFO] PLAN phase completed successfully
[2026-01-30 08:24:11] [INFO] Starting EXECUTE phase (prompt: 5761 bytes)
[2026-01-30 08:25:14] [INFO] EXECUTE phase completed successfully
[2026-01-30 08:25:14] [INFO] Starting REVIEW phase (prompt: 8447 bytes)
[2026-01-30 08:26:04] [INFO] REVIEW phase completed successfully
[2026-01-30 08:26:04] [INFO] Starting FIX phase (prompt: 8498 bytes)
[2026-01-30 08:26:21] [INFO] FIX phase completed successfully
[2026-01-30 08:26:23] [INFO] Starting PLAN phase (prompt: 6220 bytes)
[2026-01-30 08:27:04] [INFO] PLAN phase completed successfully
[2026-01-30 08:27:04] [INFO] Starting EXECUTE phase (prompt: 5761 bytes)
[2026-01-30 08:30:12] [INFO] EXECUTE phase completed successfully
[2026-01-30 08:30:12] [INFO] Starting REVIEW phase (prompt: 8447 bytes)
[2026-01-30 08:31:08] [INFO] REVIEW phase completed successfully
[2026-01-30 08:31:08] [INFO] Starting FIX phase (prompt: 8498 bytes)
[2026-01-30 08:31:22] [INFO] FIX phase completed successfully
[2026-01-30 08:31:24] [INFO] Starting PLAN phase (prompt: 6220 bytes)
[2026-01-30 08:32:09] [INFO] PLAN phase completed successfully
[2026-01-30 08:32:09] [INFO] Starting EXECUTE phase (prompt: 5761 bytes)
[2026-01-30 08:35:06] [INFO] EXECUTE phase completed successfully
[2026-01-30 08:35:06] [INFO] Starting REVIEW phase (prompt: 8447 bytes)
[2026-01-30 08:36:12] [INFO] REVIEW phase completed successfully
[2026-01-30 08:36:12] [INFO] Starting FIX phase (prompt: 8498 bytes)
[2026-01-30 08:47:27] [INFO] FIX phase completed successfully
[2026-01-30 08:47:29] [INFO] Starting PLAN phase (prompt: 6220 bytes)
[2026-01-30 08:47:56] [INFO] PLAN phase completed successfully
[2026-01-30 08:47:56] [INFO] Starting EXECUTE phase (prompt: 5761 bytes)
[2026-01-30 08:49:04] [INFO] EXECUTE phase completed successfully
[2026-01-30 08:49:04] [INFO] Starting REVIEW phase (prompt: 8447 bytes)
[2026-01-30 08:49:49] [INFO] REVIEW phase completed successfully
[2026-01-30 08:49:49] [INFO] Starting FIX phase (prompt: 8498 bytes)
[2026-01-30 08:50:05] [INFO] FIX phase completed successfully
[2026-01-30 08:50:07] [INFO] Starting PLAN phase (prompt: 6220 bytes)
[2026-01-30 08:50:37] [INFO] PLAN phase completed successfully
[2026-01-30 08:50:37] [INFO] Starting EXECUTE phase (prompt: 5761 bytes)
[2026-01-30 08:51:20] [INFO] EXECUTE phase completed successfully
[2026-01-30 08:51:20] [INFO] Starting REVIEW phase (prompt: 8447 bytes)
[2026-01-30 08:52:12] [INFO] REVIEW phase completed successfully
[2026-01-30 08:52:12] [INFO] Starting FIX phase (prompt: 8498 bytes)
[2026-01-30 08:52:31] [INFO] FIX phase completed successfully
[2026-01-30 08:52:33] [INFO] Starting PLAN phase (prompt: 6220 bytes)
[2026-01-30 08:53:03] [INFO] PLAN phase completed successfully
[2026-01-30 08:53:03] [INFO] Starting EXECUTE phase (prompt: 5761 bytes)
[2026-01-30 08:54:10] [INFO] EXECUTE phase completed successfully
[2026-01-30 08:54:10] [INFO] Starting REVIEW phase (prompt: 8447 bytes)
[2026-01-30 08:55:03] [INFO] REVIEW phase completed successfully
[2026-01-30 08:55:03] [INFO] Starting FIX phase (prompt: 8498 bytes)
[2026-01-30 08:55:18] [INFO] FIX phase completed successfully
[2026-01-30 08:55:20] [INFO] Starting PLAN phase (prompt: 6220 bytes)
[2026-01-30 08:55:56] [INFO] PLAN phase completed successfully
[2026-01-30 08:55:56] [INFO] Starting EXECUTE phase (prompt: 5761 bytes)
[2026-01-30 08:56:34] [INFO] EXECUTE phase completed successfully
[2026-01-30 08:56:34] [INFO] Starting REVIEW phase (prompt: 8447 bytes)
[2026-01-30 08:57:16] [INFO] REVIEW phase completed successfully
[2026-01-30 08:57:16] [INFO] Starting FIX phase (prompt: 8498 bytes)
[2026-01-30 08:57:31] [INFO] FIX phase completed successfully
[2026-01-30 09:02:05] [INFO] Starting DECOMPOSE phase (prompt: 14866 bytes)
[2026-01-30 09:02:20] [INFO] DECOMPOSE phase completed successfully
[2026-01-30 09:02:20] [INFO] Starting TASK_PLAN phase (prompt: 16617 bytes)
[2026-01-30 09:02:56] [INFO] TASK_PLAN phase completed successfully
[2026-01-30 09:02:56] [INFO] Starting TASK_EXECUTE phase (prompt: 16158 bytes)
[2026-01-30 09:03:32] [INFO] TASK_EXECUTE phase completed successfully
[2026-01-30 09:03:32] [INFO] Starting TASK_REVIEW phase (prompt: 18844 bytes)
[2026-01-30 09:04:10] [INFO] TASK_REVIEW phase completed successfully
[2026-01-30 09:04:10] [INFO] Starting TASK_FIX phase (prompt: 18895 bytes)
[2026-01-30 09:04:26] [INFO] TASK_FIX phase completed successfully
[2026-01-30 09:04:28] [INFO] Starting FINALIZE phase (prompt: 3541 bytes)
[2026-01-30 09:04:52] [INFO] FINALIZE phase completed successfully
[2026-01-30 09:05:59] [INFO] Starting REFRESH phase (prompt: 8566 bytes)
[2026-01-30 09:06:34] [INFO] REFRESH phase completed successfully
[2026-01-30 09:07:35] [INFO] === Bjarne session started ===
[2026-01-30 09:07:35] [INFO] Max iterations: 25, Safe mode: false, Batch mode: false (size: 5)
[2026-01-30 09:07:35] [INFO] Working directory: /Users/farleyknight/MachineLearning/legal-outcome-prediction
[2026-01-30 09:07:35] [INFO] Starting PLAN phase (prompt: 6220 bytes)
[2026-01-30 09:08:12] [INFO] PLAN phase completed successfully
[2026-01-30 09:08:12] [INFO] Starting EXECUTE phase (prompt: 5761 bytes)
[2026-01-30 09:09:13] [INFO] EXECUTE phase completed successfully
[2026-01-30 09:09:13] [INFO] Starting REVIEW phase (prompt: 8447 bytes)
[2026-01-30 09:10:35] [INFO] REVIEW phase completed successfully
[2026-01-30 09:10:35] [INFO] Starting FIX phase (prompt: 8498 bytes)
[2026-01-30 09:10:49] [INFO] FIX phase completed successfully
[2026-01-30 09:10:51] [INFO] Starting PLAN phase (prompt: 6220 bytes)
[2026-01-30 09:11:27] [INFO] PLAN phase completed successfully
[2026-01-30 09:11:27] [INFO] Starting EXECUTE phase (prompt: 5761 bytes)
[2026-01-30 09:12:50] [INFO] EXECUTE phase completed successfully
[2026-01-30 09:12:50] [INFO] Starting REVIEW phase (prompt: 8447 bytes)
[2026-01-30 09:15:30] [INFO] REVIEW phase completed successfully
[2026-01-30 09:15:30] [INFO] Starting FIX phase (prompt: 8498 bytes)
[2026-01-30 09:15:46] [INFO] FIX phase completed successfully
[2026-01-30 09:15:48] [INFO] Starting PLAN phase (prompt: 6220 bytes)
[2026-01-30 09:16:20] [INFO] PLAN phase completed successfully
[2026-01-30 09:16:20] [INFO] Starting EXECUTE phase (prompt: 5761 bytes)
[2026-01-30 09:18:15] [INFO] EXECUTE phase completed successfully
[2026-01-30 09:18:15] [INFO] Starting REVIEW phase (prompt: 8447 bytes)
[2026-01-30 09:18:58] [INFO] REVIEW phase completed successfully
[2026-01-30 09:18:58] [INFO] Starting FIX phase (prompt: 8498 bytes)
[2026-01-30 09:19:12] [INFO] FIX phase completed successfully
[2026-01-30 09:19:14] [INFO] Starting PLAN phase (prompt: 6220 bytes)
[2026-01-30 09:19:43] [INFO] PLAN phase completed successfully
[2026-01-30 09:19:43] [INFO] Starting EXECUTE phase (prompt: 5761 bytes)
[2026-01-30 09:23:42] [INFO] EXECUTE phase completed successfully
[2026-01-30 09:23:42] [INFO] Starting REVIEW phase (prompt: 8447 bytes)
[2026-01-30 09:24:54] [INFO] REVIEW phase completed successfully
[2026-01-30 09:24:54] [INFO] Starting FIX phase (prompt: 8498 bytes)
[2026-01-30 09:25:12] [INFO] FIX phase completed successfully
[2026-01-30 09:25:14] [INFO] Starting PLAN phase (prompt: 6220 bytes)
[2026-01-30 09:25:56] [INFO] PLAN phase completed successfully
[2026-01-30 09:25:56] [INFO] Starting EXECUTE phase (prompt: 5761 bytes)
[2026-01-30 11:55:14] [INFO] EXECUTE phase completed successfully
[2026-01-30 11:55:14] [INFO] Starting REVIEW phase (prompt: 8447 bytes)
[2026-01-30 11:55:15] [INFO] REVIEW phase completed successfully
[2026-01-30 11:55:15] [INFO] Starting FIX phase (prompt: 8498 bytes)
[2026-01-30 11:55:16] [ERROR] Failure logged to /Users/farleyknight/MachineLearning/legal-outcome-prediction/.bjarne/logs/failure_2026_01_30_11_55_16.log
[2026-01-30 11:55:18] [INFO] FIX phase completed successfully
[2026-01-30 11:55:22] [INFO] === Bjarne session started ===
[2026-01-30 11:55:22] [INFO] Max iterations: 25, Safe mode: false, Batch mode: false (size: 5)
[2026-01-30 11:55:22] [INFO] Working directory: /Users/farleyknight/MachineLearning/legal-outcome-prediction
